<?xml version="1.0" encoding="UTF-8"?>
<!-- Generated by org.testng.reporters.JUnitReportReporter -->
<testsuite hostname="LAPTOP-UBL9PSS3" failures="0" tests="5" name="test.homeLoan" time="0.014" errors="0" timestamp="2021-06-21T12:52:28 IST" skipped="0">
  <testcase classname="test.homeLoan" name="beforeClass" time="0.003"/>
  <system-out/>
  <testcase classname="test.homeLoan" name="home" time="0.002"/>
  <system-out/>
  <testcase classname="test.homeLoan" name="afterclass" time="0.003"/>
  <system-out/>
  <testcase classname="test.homeLoan" name="beforeClass" time="0.003"/>
  <system-out/>
  <testcase classname="test.homeLoan" name="beforeClass" time="0.003"/>
  <system-out/>
</testsuite> <!-- test.homeLoan -->
