<?xml version="1.0" encoding="UTF-8"?>
<!-- Generated by org.testng.reporters.JUnitReportReporter -->
<testsuite hostname="LAPTOP-UBL9PSS3" failures="0" tests="3" name="test.personalLoan" time="0.013" errors="0" timestamp="2021-06-21T12:52:28 IST" skipped="0">
  <testcase classname="test.personalLoan" name="personal1" time="0.002"/>
  <system-out/>
  <testcase classname="test.personalLoan" name="grop" time="0.008"/>
  <system-out/>
  <testcase classname="test.personalLoan" name="peronal" time="0.003"/>
  <system-out/>
</testsuite> <!-- test.personalLoan -->
