<?xml version="1.0" encoding="UTF-8"?>
<!-- Generated by org.testng.reporters.JUnitReportReporter -->
<testsuite hostname="LAPTOP-UBL9PSS3" failures="0" tests="1" name="test.runTestNG2" time="0.008" errors="0" timestamp="2021-06-21T12:52:28 IST" skipped="0">
  <testcase classname="test.runTestNG2" name="run" time="0.008"/>
  <system-out/>
</testsuite> <!-- test.runTestNG2 -->
