<?xml version="1.0" encoding="UTF-8"?>
<!-- Generated by org.testng.reporters.JUnitReportReporter -->
<testsuite hostname="LAPTOP-UBL9PSS3" failures="0" tests="3" name="test.runTestNG" time="0.011" errors="0" timestamp="2021-06-20T12:55:54 IST" skipped="1">
  <testcase classname="test.runTestNG" name="Test2" time="0.010"/>
  <system-out/>
  <testcase classname="test.runTestNG" name="Test1" time="0.001"/>
  <system-out/>
  <testcase classname="test.runTestNG" name="Test">
    <skipped/>
  </testcase> <!-- Test -->
  <system-out/>
</testsuite> <!-- test.runTestNG -->
